TN:
SF:src\app.ts
FN:80,(anonymous_0)
FN:95,(anonymous_1)
FNF:2
FNH:2
FNDA:1,(anonymous_0)
FNDA:1,(anonymous_1)
DA:18,1
DA:23,1
DA:26,1
DA:36,1
DA:51,1
DA:64,1
DA:68,1
DA:69,1
DA:70,1
DA:75,1
DA:80,1
DA:81,1
DA:87,1
DA:90,1
DA:95,1
DA:96,1
DA:106,1
LF:17
LH:17
BRDA:75,0,0,0
BRDA:75,0,1,1
BRF:2
BRH:1
end_of_record
TN:
SF:src\config\servidor.config.ts
FN:3,requerida
FN:11,opcional
FN:16,numero
FN:31,unoDe
FN:62,(anonymous_4)
FNF:5
FNH:5
FNDA:6,requerida
FNDA:14,opcional
FNDA:6,numero
FNDA:2,unoDe
FNDA:2,(anonymous_4)
DA:4,6
DA:5,6
DA:6,0
DA:8,6
DA:12,14
DA:13,14
DA:17,6
DA:19,6
DA:20,6
DA:21,6
DA:24,0
DA:25,0
DA:26,0
DA:28,0
DA:32,2
DA:33,2
DA:34,0
DA:35,0
DA:37,2
DA:38,0
DA:40,2
DA:43,2
DA:45,2
DA:62,2
LF:24
LH:16
BRDA:5,0,0,0
BRDA:5,0,1,6
BRDA:5,1,0,6
BRDA:5,1,1,6
BRDA:13,2,0,4
BRDA:13,2,1,10
BRDA:13,3,0,14
BRDA:13,3,1,4
BRDA:19,4,0,6
BRDA:19,4,1,0
BRDA:19,5,0,6
BRDA:19,5,1,0
BRDA:20,6,0,0
BRDA:20,6,1,6
BRDA:25,7,0,0
BRDA:25,7,1,0
BRDA:33,8,0,0
BRDA:33,8,1,2
BRDA:33,9,0,2
BRDA:33,9,1,2
BRDA:34,10,0,0
BRDA:34,10,1,0
BRDA:37,11,0,0
BRDA:37,11,1,2
BRF:24
BRH:14
end_of_record
TN:
SF:src\controllers\archivo.controller.ts
FN:23,(anonymous_0)
FN:45,(anonymous_1)
FN:57,(anonymous_2)
FNF:3
FNH:0
FNDA:0,(anonymous_0)
FNDA:0,(anonymous_1)
FNDA:0,(anonymous_2)
DA:24,0
DA:26,0
DA:27,0
DA:29,0
DA:33,0
DA:46,0
DA:47,0
DA:48,0
DA:50,0
DA:58,0
DA:59,0
DA:61,0
DA:62,0
LF:13
LH:0
BRDA:24,0,0,0
BRDA:24,0,1,0
BRDA:29,1,0,0
BRDA:29,1,1,0
BRF:4
BRH:0
end_of_record
TN:
SF:src\controllers\auth.controller.ts
FN:30,ponerCookies
FN:46,(anonymous_1)
FN:59,(anonymous_2)
FN:76,(anonymous_3)
FN:87,(anonymous_4)
FNF:5
FNH:2
FNDA:0,ponerCookies
FNDA:2,(anonymous_1)
FNDA:1,(anonymous_2)
FNDA:0,(anonymous_3)
FNDA:0,(anonymous_4)
DA:17,1
DA:31,0
DA:32,0
DA:47,2
DA:48,2
DA:50,0
DA:51,0
DA:60,1
DA:64,1
DA:66,0
DA:67,0
DA:68,0
DA:77,0
DA:78,0
DA:88,0
DA:89,0
DA:90,0
LF:17
LH:5
BRDA:64,0,0,1
BRDA:64,0,1,0
BRF:2
BRH:1
end_of_record
TN:
SF:src\controllers\excel.controller.ts
FN:5,(anonymous_0)
FNF:1
FNH:0
FNDA:0,(anonymous_0)
DA:6,0
LF:1
LH:0
BRF:0
BRH:0
end_of_record
TN:
SF:src\controllers\pdf.controller.ts
FN:5,(anonymous_0)
FNF:1
FNH:0
FNDA:0,(anonymous_0)
DA:6,0
LF:1
LH:0
BRF:0
BRH:0
end_of_record
TN:
SF:src\controllers\platillo.controller.ts
FN:17,(anonymous_0)
FN:25,(anonymous_1)
FN:31,(anonymous_2)
FN:36,(anonymous_3)
FN:44,(anonymous_4)
FN:55,(anonymous_5)
FNF:6
FNH:0
FNDA:0,(anonymous_0)
FNDA:0,(anonymous_1)
FNDA:0,(anonymous_2)
FNDA:0,(anonymous_3)
FNDA:0,(anonymous_4)
FNDA:0,(anonymous_5)
DA:19,0
DA:22,0
DA:27,0
DA:28,0
DA:32,0
DA:33,0
DA:37,0
DA:41,0
DA:45,0
DA:46,0
DA:56,0
DA:57,0
DA:58,0
LF:13
LH:0
BRF:0
BRH:0
end_of_record
TN:
SF:src\middlewares\autenticacion.middleware.ts
FN:11,(anonymous_0)
FN:42,(anonymous_1)
FN:43,(anonymous_2)
FNF:3
FNH:1
FNDA:2,(anonymous_0)
FNDA:0,(anonymous_1)
FNDA:0,(anonymous_2)
DA:11,1
DA:12,2
DA:14,2
DA:15,2
DA:16,2
DA:19,0
DA:20,0
DA:21,0
DA:27,0
DA:30,0
DA:42,1
DA:43,0
DA:44,0
DA:46,0
DA:47,0
DA:48,0
DA:51,0
LF:17
LH:6
BRDA:14,0,0,2
BRDA:14,0,1,0
BRDA:46,1,0,0
BRDA:46,1,1,0
BRDA:46,2,0,0
BRDA:46,2,1,0
BRF:6
BRH:1
end_of_record
TN:
SF:src\middlewares\error.middlewares.ts
FN:18,traducirErrorPrisma
FN:72,errorMiddleware
FN:93,(anonymous_2)
FNF:3
FNH:2
FNDA:0,traducirErrorPrisma
FNDA:9,errorMiddleware
FNDA:4,(anonymous_2)
DA:23,0
DA:25,0
DA:26,0
DA:33,0
DA:39,0
DA:45,0
DA:51,0
DA:79,9
DA:80,5
DA:81,5
DA:85,4
DA:86,0
DA:87,0
DA:88,0
DA:92,4
DA:93,4
DA:97,4
DA:104,4
DA:108,0
DA:109,0
DA:115,0
DA:116,0
DA:117,0
DA:121,0
DA:122,0
DA:123,0
DA:127,0
DA:128,0
DA:129,0
DA:133,0
DA:139,9
DA:145,9
LF:32
LH:10
BRDA:23,0,0,0
BRDA:23,0,1,0
BRDA:23,0,2,0
BRDA:23,0,3,0
BRDA:23,0,4,0
BRDA:25,1,0,0
BRDA:25,1,1,0
BRDA:79,2,0,5
BRDA:79,2,1,4
BRDA:85,3,0,0
BRDA:85,3,1,4
BRDA:92,4,0,4
BRDA:92,4,1,0
BRDA:94,5,0,4
BRDA:94,5,1,0
BRDA:108,6,0,0
BRDA:108,6,1,0
BRDA:115,7,0,0
BRDA:115,7,1,0
BRDA:121,8,0,0
BRDA:121,8,1,0
BRDA:127,9,0,0
BRDA:127,9,1,0
BRDA:134,10,0,0
BRDA:134,10,1,0
BRDA:135,11,0,0
BRDA:135,11,1,0
BRDA:139,12,0,0
BRDA:139,12,1,0
BRDA:141,13,0,0
BRDA:141,13,1,0
BRF:31
BRH:5
end_of_record
TN:
SF:src\middlewares\validar.middlewares.ts
FN:16,(anonymous_0)
FN:17,(anonymous_1)
FNF:2
FNH:2
FNDA:7,(anonymous_0)
FNDA:6,(anonymous_1)
DA:16,1
DA:17,7
DA:18,6
DA:24,6
DA:25,4
DA:26,4
DA:33,2
DA:38,2
DA:39,2
DA:40,2
DA:42,2
LF:11
LH:11
BRDA:24,0,0,4
BRDA:24,0,1,2
BRDA:38,1,0,2
BRDA:38,1,1,0
BRDA:39,2,0,0
BRDA:39,2,1,2
BRDA:40,3,0,0
BRDA:40,3,1,2
BRF:8
BRH:5
end_of_record
TN:
SF:src\routes\archivo.route.ts
FN:42,(anonymous_0)
FNF:1
FNH:0
FNDA:0,(anonymous_0)
DA:15,1
DA:42,1
DA:47,0
DA:48,0
DA:50,0
DA:52,0
DA:57,0
DA:60,0
DA:65,1
DA:86,1
DA:97,1
DA:107,1
LF:12
LH:6
BRDA:48,0,0,0
BRDA:48,0,1,0
BRDA:50,1,0,0
BRDA:50,1,1,0
BRF:4
BRH:0
end_of_record
TN:
SF:src\routes\auth.route.ts
FNF:0
FNH:0
DA:7,1
DA:12,1
DA:13,1
DA:17,1
DA:18,1
LF:5
LH:5
BRF:0
BRH:0
end_of_record
TN:
SF:src\routes\excel.route.ts
FNF:0
FNH:0
DA:4,1
DA:7,1
LF:2
LH:2
BRF:0
BRH:0
end_of_record
TN:
SF:src\routes\index.ts
FNF:0
FNH:0
DA:19,1
DA:22,1
DA:25,1
DA:26,1
DA:29,1
LF:5
LH:5
BRF:0
BRH:0
end_of_record
TN:
SF:src\routes\pdf.route.ts
FNF:0
FNH:0
DA:4,1
DA:7,1
LF:2
LH:2
BRF:0
BRH:0
end_of_record
TN:
SF:src\routes\platillo.route.ts
FNF:0
FNH:0
DA:20,1
DA:23,1
DA:24,1
DA:28,1
DA:29,1
DA:30,1
DA:31,1
LF:7
LH:7
BRF:0
BRH:0
end_of_record
TN:
SF:src\schemas\auth.schema.ts
FNF:0
FNH:0
DA:3,1
LF:1
LH:1
BRF:0
BRH:0
end_of_record
TN:
SF:src\schemas\platillo.schema.ts
FN:65,(anonymous_0)
FN:65,(anonymous_1)
FN:84,(anonymous_2)
FNF:3
FNH:0
FNDA:0,(anonymous_0)
FNDA:0,(anonymous_1)
FNDA:0,(anonymous_2)
DA:9,1
DA:22,1
DA:47,1
DA:51,1
DA:65,0
DA:70,1
DA:76,1
DA:84,0
DA:96,1
LF:9
LH:7
BRF:0
BRH:0
end_of_record
TN:
SF:src\services\archivo.service.ts
FN:54,(anonymous_0)
FN:80,(anonymous_1)
FN:97,(anonymous_2)
FN:105,(anonymous_3)
FN:106,(anonymous_4)
FNF:5
FNH:0
FNDA:0,(anonymous_0)
FNDA:0,(anonymous_1)
FNDA:0,(anonymous_2)
FNDA:0,(anonymous_3)
FNDA:0,(anonymous_4)
DA:30,1
DA:58,0
DA:59,0
DA:61,0
DA:88,0
DA:89,0
DA:90,0
DA:98,0
DA:99,0
DA:103,0
DA:105,0
DA:106,0
DA:108,0
DA:110,0
LF:14
LH:1
BRDA:84,0,0,0
BRDA:108,1,0,0
BRDA:108,1,1,0
BRF:3
BRH:0
end_of_record
TN:
SF:src\services\auth.service.ts
FN:18,(anonymous_0)
FN:54,(anonymous_1)
FN:84,(anonymous_2)
FN:100,(anonymous_3)
FN:105,(anonymous_4)
FNF:5
FNH:1
FNDA:2,(anonymous_0)
FNDA:0,(anonymous_1)
FNDA:0,(anonymous_2)
FNDA:0,(anonymous_3)
FNDA:0,(anonymous_4)
DA:25,2
DA:29,2
DA:30,2
DA:33,0
DA:34,0
DA:35,0
DA:38,0
DA:45,0
DA:56,0
DA:58,0
DA:62,0
DA:63,0
DA:66,0
DA:73,0
DA:85,0
DA:89,0
DA:90,0
DA:93,0
DA:101,0
DA:112,0
LF:20
LH:3
BRDA:29,0,0,2
BRDA:29,0,1,0
BRDA:29,1,0,2
BRDA:29,1,1,1
BRDA:34,2,0,0
BRDA:34,2,1,0
BRDA:62,3,0,0
BRDA:62,3,1,0
BRDA:62,4,0,0
BRDA:62,4,1,0
BRDA:89,5,0,0
BRDA:89,5,1,0
BRDA:89,6,0,0
BRDA:89,6,1,0
BRF:14
BRH:3
end_of_record
TN:
SF:src\services\excel.service.ts
FN:12,(anonymous_0)
FN:37,(anonymous_1)
FNF:2
FNH:0
FNDA:0,(anonymous_0)
FNDA:0,(anonymous_1)
DA:13,0
DA:19,0
DA:20,0
DA:24,0
DA:26,0
DA:37,0
DA:48,0
DA:62,0
LF:8
LH:0
BRDA:39,0,0,0
BRDA:39,0,1,0
BRDA:40,1,0,0
BRDA:40,1,1,0
BRDA:42,2,0,0
BRDA:42,2,1,0
BRF:6
BRH:0
end_of_record
TN:
SF:src\services\pdf.service.ts
FN:19,(anonymous_0)
FN:49,(anonymous_1)
FNF:2
FNH:0
FNDA:0,(anonymous_0)
FNDA:0,(anonymous_1)
DA:20,0
DA:26,0
DA:33,0
DA:34,0
DA:36,0
DA:38,0
DA:39,0
DA:41,0
DA:49,0
DA:57,0
DA:58,0
LF:11
LH:0
BRDA:51,0,0,0
BRDA:51,0,1,0
BRDA:52,1,0,0
BRDA:52,1,1,0
BRF:4
BRH:0
end_of_record
TN:
SF:src\services\platillo.service.ts
FN:33,(anonymous_0)
FN:61,(anonymous_1)
FN:71,(anonymous_2)
FN:92,(anonymous_3)
FN:103,(anonymous_4)
FN:125,(anonymous_5)
FN:128,(anonymous_6)
FNF:7
FNH:0
FNDA:0,(anonymous_0)
FNDA:0,(anonymous_1)
FNDA:0,(anonymous_2)
FNDA:0,(anonymous_3)
FNDA:0,(anonymous_4)
FNDA:0,(anonymous_5)
FNDA:0,(anonymous_6)
DA:22,1
DA:35,0
DA:43,0
DA:45,0
DA:46,0
DA:51,0
DA:52,0
DA:56,0
DA:62,0
DA:73,0
DA:80,0
DA:94,0
DA:96,0
DA:104,0
DA:107,0
DA:126,0
DA:128,0
LF:17
LH:1
BRDA:36,0,0,0
BRDA:36,0,1,0
BRDA:37,1,0,0
BRDA:37,1,1,0
BRDA:38,2,0,0
BRDA:38,2,1,0
BRDA:39,3,0,0
BRDA:39,3,1,0
BRDA:45,4,0,0
BRDA:45,4,1,0
BRDA:51,5,0,0
BRDA:51,5,1,0
BRDA:52,6,0,0
BRDA:52,6,1,0
BRF:14
BRH:0
end_of_record
TN:
SF:src\utils\archivo.utils.ts
FN:91,crearSubidor
FN:105,(anonymous_1)
FN:106,(anonymous_2)
FN:113,(anonymous_3)
FN:166,descargarArchivo
FN:195,(anonymous_5)
FN:218,calcularHashArchivo
FN:219,(anonymous_7)
FN:223,(anonymous_8)
FN:224,(anonymous_9)
FN:245,deduplicarArchivo
FN:255,(anonymous_11)
FN:256,(anonymous_12)
FN:281,eliminarArchivo
FN:298,rutaEnUploads
FNF:15
FNH:1
FNDA:3,crearSubidor
FNDA:0,(anonymous_1)
FNDA:0,(anonymous_2)
FNDA:0,(anonymous_3)
FNDA:0,descargarArchivo
FNDA:0,(anonymous_5)
FNDA:0,calcularHashArchivo
FNDA:0,(anonymous_7)
FNDA:0,(anonymous_8)
FNDA:0,(anonymous_9)
FNDA:0,deduplicarArchivo
FNDA:0,(anonymous_11)
FNDA:0,(anonymous_12)
FNDA:0,eliminarArchivo
FNDA:0,rutaEnUploads
DA:10,1
DA:23,1
DA:33,1
DA:97,3
DA:99,3
DA:102,3
DA:104,3
DA:105,0
DA:107,0
DA:108,0
DA:109,0
DA:113,3
DA:118,0
DA:119,0
DA:122,0
DA:129,3
DA:174,0
DA:175,0
DA:177,0
DA:180,0
DA:181,0
DA:182,0
DA:183,0
DA:185,0
DA:186,0
DA:187,0
DA:191,0
DA:195,0
DA:196,0
DA:197,0
DA:200,0
DA:219,0
DA:220,0
DA:221,0
DA:222,0
DA:223,0
DA:224,0
DA:249,0
DA:250,0
DA:251,0
DA:253,0
DA:255,0
DA:256,0
DA:258,0
DA:260,0
DA:261,0
DA:265,0
DA:266,0
DA:282,0
DA:283,0
DA:286,0
DA:299,0
LF:52
LH:9
BRDA:91,0,0,3
BRDA:93,1,0,3
BRDA:94,2,0,3
BRDA:95,3,0,3
BRDA:96,4,0,3
BRDA:118,5,0,0
BRDA:118,5,1,0
BRDA:170,6,0,0
BRDA:182,7,0,0
BRDA:182,7,1,0
BRDA:183,8,0,0
BRDA:183,8,1,0
BRDA:188,9,0,0
BRDA:188,9,1,0
BRDA:196,10,0,0
BRDA:196,10,1,0
BRDA:258,11,0,0
BRDA:258,11,1,0
BRDA:286,12,0,0
BRDA:286,12,1,0
BRF:20
BRH:5
end_of_record
TN:
SF:src\utils\batch.utils.ts
FN:47,procesarEnLotes
FN:69,(anonymous_1)
FN:106,insertarEnLotes
FN:114,(anonymous_3)
FN:120,(anonymous_4)
FN:139,dividirEnLotes
FNF:6
FNH:0
FNDA:0,procesarEnLotes
FNDA:0,(anonymous_1)
FNDA:0,insertarEnLotes
FNDA:0,(anonymous_3)
FNDA:0,(anonymous_4)
FNDA:0,dividirEnLotes
DA:52,0
DA:54,0
DA:55,0
DA:56,0
DA:60,0
DA:61,0
DA:63,0
DA:64,0
DA:65,0
DA:66,0
DA:69,0
DA:70,0
DA:77,0
DA:81,0
DA:111,0
DA:113,0
DA:115,0
DA:120,0
DA:122,0
DA:140,0
DA:141,0
DA:142,0
DA:144,0
LF:23
LH:0
BRDA:50,0,0,0
BRDA:52,1,0,0
BRDA:52,2,0,0
BRDA:72,3,0,0
BRDA:72,3,1,0
BRDA:77,4,0,0
BRDA:77,4,1,0
BRDA:109,5,0,0
BRDA:111,6,0,0
BRF:9
BRH:0
end_of_record
TN:
SF:src\utils\errores.utils.ts
FN:26,(anonymous_0)
FN:43,(anonymous_1)
FN:50,(anonymous_2)
FN:57,(anonymous_3)
FN:64,(anonymous_4)
FN:71,(anonymous_5)
FN:78,(anonymous_6)
FN:89,(anonymous_7)
FNF:8
FNH:2
FNDA:5,(anonymous_0)
FNDA:0,(anonymous_1)
FNDA:0,(anonymous_2)
FNDA:0,(anonymous_3)
FNDA:5,(anonymous_4)
FNDA:0,(anonymous_5)
FNDA:0,(anonymous_6)
FNDA:0,(anonymous_7)
DA:27,5
DA:28,5
DA:29,5
DA:30,5
DA:32,5
DA:33,5
DA:35,5
DA:44,0
DA:51,0
DA:58,0
DA:65,5
DA:72,0
DA:79,0
DA:90,0
LF:14
LH:8
BRDA:43,0,0,0
BRDA:64,1,0,5
BRDA:71,2,0,0
BRF:3
BRH:1
end_of_record
TN:
SF:src\utils\excel.utils.ts
FN:51,crearLibro
FN:76,enviarExcel
FN:114,agregarHoja
FN:165,(anonymous_3)
FN:188,(anonymous_4)
FN:193,(anonymous_5)
FN:217,(anonymous_6)
FN:235,agregarPie
FN:255,(anonymous_8)
FN:271,calcularAncho
FN:276,(anonymous_10)
FNF:11
FNH:0
FNDA:0,crearLibro
FNDA:0,enviarExcel
FNDA:0,agregarHoja
FNDA:0,(anonymous_3)
FNDA:0,(anonymous_4)
FNDA:0,(anonymous_5)
FNDA:0,(anonymous_6)
FNDA:0,agregarPie
FNDA:0,(anonymous_8)
FNDA:0,calcularAncho
FNDA:0,(anonymous_10)
DA:52,0
DA:53,0
DA:54,0
DA:55,0
DA:56,0
DA:57,0
DA:82,0
DA:86,0
DA:90,0
DA:128,0
DA:130,0
DA:135,0
DA:138,0
DA:139,0
DA:140,0
DA:141,0
DA:142,0
DA:143,0
DA:144,0
DA:145,0
DA:149,0
DA:150,0
DA:151,0
DA:152,0
DA:153,0
DA:154,0
DA:155,0
DA:156,0
DA:159,0
DA:162,0
DA:163,0
DA:165,0
DA:166,0
DA:167,0
DA:168,0
DA:169,0
DA:170,0
DA:171,0
DA:175,0
DA:176,0
DA:183,0
DA:184,0
DA:188,0
DA:189,0
DA:190,0
DA:191,0
DA:193,0
DA:194,0
DA:197,0
DA:199,0
DA:200,0
DA:202,0
DA:203,0
DA:209,0
DA:212,0
DA:217,0
DA:222,0
DA:247,0
DA:248,0
DA:251,0
DA:252,0
DA:255,0
DA:256,0
DA:257,0
DA:258,0
DA:259,0
DA:275,0
DA:276,0
DA:277,0
DA:278,0
DA:282,0
LF:71
LH:0
BRDA:80,0,0,0
BRDA:88,1,0,0
BRDA:88,1,1,0
BRDA:119,2,0,0
BRDA:124,3,0,0
BRDA:125,4,0,0
BRDA:126,5,0,0
BRDA:127,6,0,0
BRDA:138,7,0,0
BRDA:138,7,1,0
BRDA:149,8,0,0
BRDA:149,8,1,0
BRDA:170,9,0,0
BRDA:170,9,1,0
BRDA:175,10,0,0
BRDA:175,10,1,0
BRDA:183,11,0,0
BRDA:183,11,1,0
BRDA:197,12,0,0
BRDA:197,12,1,0
BRDA:199,13,0,0
BRDA:199,13,1,0
BRDA:200,14,0,0
BRDA:200,14,1,0
BRDA:202,15,0,0
BRDA:202,15,1,0
BRDA:219,16,0,0
BRDA:219,16,1,0
BRDA:247,17,0,0
BRDA:247,17,1,0
BRDA:258,18,0,0
BRDA:258,18,1,0
BRDA:258,19,0,0
BRDA:258,19,1,0
BRDA:259,20,0,0
BRDA:259,20,1,0
BRDA:277,21,0,0
BRDA:277,21,1,0
BRF:38
BRH:0
end_of_record
TN:
SF:src\utils\jwt.utils.ts
FN:9,generarAccessToken
FN:19,generarRefreshToken
FN:30,verificarAccessToken
FN:38,verificarRefreshToken
FNF:4
FNH:4
FNDA:5,generarAccessToken
FNDA:2,generarRefreshToken
FNDA:7,verificarAccessToken
FNDA:2,verificarRefreshToken
DA:10,5
DA:20,2
DA:31,7
DA:39,2
LF:4
LH:4
BRF:0
BRH:0
end_of_record
TN:
SF:src\utils\logger.utils.ts
FN:36,(anonymous_0)
FN:115,(anonymous_1)
FNF:2
FNH:0
FNDA:0,(anonymous_0)
FNDA:0,(anonymous_1)
DA:6,1
DA:9,1
DA:19,1
DA:22,1
DA:23,0
DA:32,1
DA:37,0
DA:38,0
DA:49,1
DA:57,1
DA:71,1
DA:86,1
DA:99,1
DA:114,1
DA:115,0
LF:15
LH:11
BRDA:22,0,0,0
BRDA:22,0,1,1
BRDA:37,1,0,0
BRDA:37,1,1,0
BRDA:38,2,0,0
BRDA:38,2,1,0
BRDA:61,3,0,0
BRDA:61,3,1,1
BRDA:101,4,0,0
BRDA:101,4,1,1
BRF:10
BRH:3
end_of_record
TN:
SF:src\utils\paginacion.utils.ts
FN:36,parsearPaginacion
FN:64,paginar
FNF:2
FNH:0
FNDA:0,parsearPaginacion
FNDA:0,paginar
DA:42,0
DA:43,0
DA:46,0
DA:47,0
DA:51,0
DA:53,0
DA:71,0
DA:73,0
DA:84,0
LF:9
LH:0
BRDA:38,0,0,0
BRDA:42,1,0,0
BRDA:42,1,1,0
BRDA:43,2,0,0
BRDA:43,2,1,0
BRDA:46,3,0,0
BRDA:46,3,1,0
BRDA:47,4,0,0
BRDA:47,4,1,0
BRDA:49,5,0,0
BRDA:49,5,1,0
BRDA:51,6,0,0
BRDA:51,6,1,0
BRDA:77,7,0,0
BRDA:77,7,1,0
BRDA:87,8,0,0
BRDA:87,8,1,0
BRF:17
BRH:0
end_of_record
TN:
SF:src\utils\pdf.utils.ts
FN:40,crearDocumento
FN:61,enviarPDF
FN:80,escribirEncabezado
FN:112,escribirCampo
FN:136,escribirTabla
FN:155,(anonymous_5)
FN:163,(anonymous_6)
FN:178,(anonymous_7)
FN:180,(anonymous_8)
FN:213,(anonymous_9)
FN:243,escribirNumeroDePaginas
FN:275,calcularAnchos
FN:276,(anonymous_12)
FN:277,(anonymous_13)
FN:279,(anonymous_14)
FN:286,calcularAlturaFila
FN:293,(anonymous_16)
FNF:17
FNH:0
FNDA:0,crearDocumento
FNDA:0,enviarPDF
FNDA:0,escribirEncabezado
FNDA:0,escribirCampo
FNDA:0,escribirTabla
FNDA:0,(anonymous_5)
FNDA:0,(anonymous_6)
FNDA:0,(anonymous_7)
FNDA:0,(anonymous_8)
FNDA:0,(anonymous_9)
FNDA:0,escribirNumeroDePaginas
FNDA:0,calcularAnchos
FNDA:0,(anonymous_12)
FNDA:0,(anonymous_13)
FNDA:0,(anonymous_14)
FNDA:0,calcularAlturaFila
FNDA:0,(anonymous_16)
DA:41,0
DA:67,0
DA:68,0
DA:72,0
DA:81,0
DA:87,0
DA:88,0
DA:95,0
DA:118,0
DA:123,0
DA:148,0
DA:150,0
DA:151,0
DA:152,0
DA:155,0
DA:156,0
DA:157,0
DA:159,0
DA:160,0
DA:162,0
DA:163,0
DA:164,0
DA:169,0
DA:172,0
DA:175,0
DA:178,0
DA:180,0
DA:181,0
DA:182,0
DA:186,0
DA:187,0
DA:190,0
DA:191,0
DA:192,0
DA:195,0
DA:198,0
DA:199,0
DA:203,0
DA:211,0
DA:212,0
DA:213,0
DA:214,0
DA:221,0
DA:225,0
DA:229,0
DA:230,0
DA:231,0
DA:233,0
DA:244,0
DA:245,0
DA:247,0
DA:248,0
DA:250,0
DA:251,0
DA:253,0
DA:255,0
DA:276,0
DA:277,0
DA:278,0
DA:279,0
DA:293,0
DA:294,0
DA:296,0
DA:297,0
DA:298,0
DA:301,0
LF:66
LH:0
BRDA:43,0,0,0
BRDA:43,0,1,0
BRDA:47,1,0,0
BRDA:47,1,1,0
BRDA:65,2,0,0
BRDA:70,3,0,0
BRDA:70,3,1,0
BRDA:87,4,0,0
BRDA:87,4,1,0
BRDA:116,5,0,0
BRDA:124,6,0,0
BRDA:124,6,1,0
BRDA:125,7,0,0
BRDA:125,7,1,0
BRDA:140,8,0,0
BRDA:143,9,0,0
BRDA:144,10,0,0
BRDA:145,11,0,0
BRDA:146,12,0,0
BRDA:147,13,0,0
BRDA:166,14,0,0
BRDA:166,14,1,0
BRDA:182,15,0,0
BRDA:182,15,1,0
BRDA:182,16,0,0
BRDA:182,16,1,0
BRDA:190,17,0,0
BRDA:190,17,1,0
BRDA:198,18,0,0
BRDA:198,18,1,0
BRDA:217,19,0,0
BRDA:217,19,1,0
BRDA:230,20,0,0
BRDA:230,20,1,0
BRDA:276,21,0,0
BRDA:276,21,1,0
BRDA:278,22,0,0
BRDA:278,22,1,0
BRDA:279,23,0,0
BRDA:279,23,1,0
BRF:40
BRH:0
end_of_record
TN:
SF:src\utils\prisma.utils.ts
FN:9,buscarOError
FN:16,verificarNoExiste
FN:24,verificarRegla
FNF:3
FNH:0
FNDA:0,buscarOError
FNDA:0,verificarNoExiste
FNDA:0,verificarRegla
DA:10,0
DA:11,0
DA:12,0
DA:20,0
DA:28,0
LF:5
LH:0
BRDA:9,0,0,0
BRDA:11,1,0,0
BRDA:11,1,1,0
BRDA:18,2,0,0
BRDA:20,3,0,0
BRDA:20,3,1,0
BRDA:28,4,0,0
BRDA:28,4,1,0
BRF:8
BRH:0
end_of_record
TN:
SF:src\utils\respuestas.utils.ts
FN:40,(anonymous_0)
FN:46,(anonymous_1)
FN:52,(anonymous_2)
FN:58,(anonymous_3)
FN:63,(anonymous_4)
FNF:5
FNH:1
FNDA:0,(anonymous_0)
FNDA:0,(anonymous_1)
FNDA:0,(anonymous_2)
FNDA:0,(anonymous_3)
FNDA:9,(anonymous_4)
DA:38,1
DA:41,0
DA:42,0
DA:47,0
DA:48,0
DA:53,0
DA:54,0
DA:59,0
DA:70,9
DA:76,9
LF:10
LH:3
BRDA:40,0,0,0
BRDA:46,1,0,0
BRDA:52,2,0,0
BRDA:74,3,0,9
BRDA:74,3,1,4
BRF:5
BRH:2
end_of_record
