TN:
SF:src\setup.ts
FN:34,(anonymous_0)
FN:110,(anonymous_1)
FN:113,(anonymous_2)
FN:141,(anonymous_3)
FNF:4
FNH:3
FNDA:14,(anonymous_0)
FNDA:0,(anonymous_1)
FNDA:1,(anonymous_2)
FNDA:1,(anonymous_3)
DA:24,1
DA:29,1
DA:32,1
DA:36,14
DA:38,0
DA:39,0
DA:41,0
DA:42,0
DA:44,0
DA:56,1
DA:71,1
DA:84,1
DA:88,1
DA:89,1
DA:90,1
DA:95,1
DA:99,1
DA:105,1
DA:109,1
DA:110,1
DA:113,1
DA:114,1
DA:115,1
DA:116,1
DA:122,0
DA:133,1
DA:136,1
DA:141,1
DA:142,1
DA:152,1
LF:30
LH:24
BRDA:36,0,0,14
BRDA:36,0,1,0
BRDA:38,1,0,0
BRDA:38,1,1,0
BRDA:41,2,0,0
BRDA:41,2,1,0
BRDA:95,3,0,0
BRDA:95,3,1,1
BRDA:105,4,0,1
BRDA:105,4,1,0
BRDA:126,5,0,0
BRDA:126,5,1,0
BRF:12
BRH:3
end_of_record
TN:
SF:src\zod-extended.ts
FNF:0
FNH:0
DA:4,2
LF:1
LH:1
BRF:0
BRH:0
end_of_record
TN:
SF:src\config\email.config.ts
FN:1,opcional
FN:6,numero
FNF:2
FNH:2
FNDA:4,opcional
FNDA:1,numero
DA:2,4
DA:3,4
DA:7,1
DA:8,1
DA:9,0
DA:10,0
DA:13,1
LF:7
LH:5
BRDA:3,0,0,0
BRDA:3,0,1,4
BRDA:3,1,0,4
BRDA:3,1,1,0
BRDA:8,2,0,1
BRDA:8,2,1,0
BRDA:8,3,0,1
BRDA:8,3,1,0
BRDA:10,4,0,0
BRDA:10,4,1,0
BRF:10
BRH:4
end_of_record
TN:
SF:src\config\servidor.config.ts
FNF:0
FNH:0
DA:9,2
DA:11,2
DA:12,0
DA:13,0
DA:14,0
DA:15,0
DA:17,0
DA:20,2
DA:22,2
LF:9
LH:4
BRDA:11,0,0,0
BRDA:11,0,1,2
BRF:2
BRH:1
end_of_record
TN:
SF:src\constants\auth.constants.ts
FNF:0
FNH:0
DA:1,1
DA:8,1
LF:2
LH:2
BRF:0
BRH:0
end_of_record
TN:
SF:src\constants\index.ts
FNF:0
FNH:0
LF:0
LH:0
BRF:0
BRH:0
end_of_record
TN:
SF:src\constants\mensajes.constants.ts
FN:7,(anonymous_0)
FN:8,(anonymous_1)
FN:9,(anonymous_2)
FN:10,(anonymous_3)
FN:12,(anonymous_4)
FN:13,(anonymous_5)
FN:14,(anonymous_6)
FN:15,(anonymous_7)
FN:38,(anonymous_8)
FN:39,(anonymous_9)
FN:41,(anonymous_10)
FNF:11
FNH:2
FNDA:0,(anonymous_0)
FNDA:0,(anonymous_1)
FNDA:0,(anonymous_2)
FNDA:0,(anonymous_3)
FNDA:0,(anonymous_4)
FNDA:0,(anonymous_5)
FNDA:0,(anonymous_6)
FNDA:0,(anonymous_7)
FNDA:7,(anonymous_8)
FNDA:0,(anonymous_9)
FNDA:2,(anonymous_10)
DA:5,1
DA:7,0
DA:8,0
DA:9,0
DA:11,0
DA:12,0
DA:13,0
DA:14,0
DA:15,0
DA:38,7
DA:40,0
DA:42,2
LF:12
LH:3
BRF:0
BRH:0
end_of_record
TN:
SF:src\constants\paginacion.constants.ts
FNF:0
FNH:0
DA:5,1
LF:1
LH:1
BRF:0
BRH:0
end_of_record
TN:
SF:src\constants\prisma_include.constants.ts
FNF:0
FNH:0
DA:11,1
DA:18,1
DA:41,1
LF:3
LH:3
BRF:0
BRH:0
end_of_record
TN:
SF:src\controllers\archivo.controller.ts
FN:23,(anonymous_0)
FN:49,(anonymous_1)
FN:61,(anonymous_2)
FNF:3
FNH:0
FNDA:0,(anonymous_0)
FNDA:0,(anonymous_1)
FNDA:0,(anonymous_2)
DA:24,0
DA:26,0
DA:27,0
DA:30,0
DA:31,0
DA:33,0
DA:37,0
DA:50,0
DA:51,0
DA:52,0
DA:54,0
DA:62,0
DA:63,0
DA:65,0
DA:66,0
LF:15
LH:0
BRDA:24,0,0,0
BRDA:24,0,1,0
BRDA:26,1,0,0
BRDA:26,1,1,0
BRDA:33,2,0,0
BRDA:33,2,1,0
BRF:6
BRH:0
end_of_record
TN:
SF:src\controllers\auth.controller.ts
FN:30,ponerCookies
FN:49,(anonymous_1)
FN:62,(anonymous_2)
FN:79,(anonymous_3)
FN:91,(anonymous_4)
FNF:5
FNH:2
FNDA:0,ponerCookies
FNDA:2,(anonymous_1)
FNDA:4,(anonymous_2)
FNDA:0,(anonymous_3)
FNDA:0,(anonymous_4)
DA:17,1
DA:31,0
DA:35,0
DA:50,2
DA:51,2
DA:53,0
DA:54,0
DA:63,4
DA:67,4
DA:69,3
DA:70,0
DA:71,0
DA:80,0
DA:81,0
DA:92,0
DA:95,0
DA:96,0
DA:99,0
DA:100,0
DA:101,0
LF:20
LH:6
BRDA:67,0,0,1
BRDA:67,0,1,3
BRDA:95,1,0,0
BRDA:95,1,1,0
BRF:4
BRH:2
end_of_record
TN:
SF:src\controllers\email.controller.ts
FN:20,(anonymous_0)
FN:40,(anonymous_1)
FN:56,(anonymous_2)
FNF:3
FNH:0
FNDA:0,(anonymous_0)
FNDA:0,(anonymous_1)
FNDA:0,(anonymous_2)
DA:21,0
DA:22,0
DA:28,0
DA:29,0
DA:31,0
DA:41,0
DA:42,0
DA:47,0
DA:48,0
DA:51,0
DA:57,0
DA:58,0
DA:59,0
DA:60,0
DA:62,0
LF:15
LH:0
BRDA:28,0,0,0
BRDA:28,0,1,0
BRDA:47,1,0,0
BRDA:47,1,1,0
BRDA:59,2,0,0
BRDA:59,2,1,0
BRF:6
BRH:0
end_of_record
TN:
SF:src\controllers\excel.controller.ts
FN:5,(anonymous_0)
FNF:1
FNH:0
FNDA:0,(anonymous_0)
DA:6,0
LF:1
LH:0
BRF:0
BRH:0
end_of_record
TN:
SF:src\controllers\pdf.controller.ts
FN:5,(anonymous_0)
FNF:1
FNH:0
FNDA:0,(anonymous_0)
DA:6,0
LF:1
LH:0
BRF:0
BRH:0
end_of_record
TN:
SF:src\controllers\platillo.controller.ts
FN:17,(anonymous_0)
FN:25,(anonymous_1)
FN:31,(anonymous_2)
FN:36,(anonymous_3)
FN:44,(anonymous_4)
FN:55,(anonymous_5)
FNF:6
FNH:0
FNDA:0,(anonymous_0)
FNDA:0,(anonymous_1)
FNDA:0,(anonymous_2)
FNDA:0,(anonymous_3)
FNDA:0,(anonymous_4)
FNDA:0,(anonymous_5)
DA:19,0
DA:22,0
DA:27,0
DA:28,0
DA:32,0
DA:33,0
DA:37,0
DA:41,0
DA:45,0
DA:46,0
DA:56,0
DA:57,0
DA:58,0
LF:13
LH:0
BRF:0
BRH:0
end_of_record
TN:
SF:src\docs\auth.docs.ts
FN:6,(anonymous_0)
FNF:1
FNH:1
FNDA:1,(anonymous_0)
DA:6,1
DA:8,1
DA:33,1
DA:54,1
LF:4
LH:4
BRF:0
BRH:0
end_of_record
TN:
SF:src\docs\email.docs.ts
FN:11,(anonymous_0)
FNF:1
FNH:1
FNDA:1,(anonymous_0)
DA:11,1
DA:13,1
DA:34,1
DA:54,1
LF:4
LH:4
BRF:0
BRH:0
end_of_record
TN:
SF:src\docs\platillos.docs.ts
FN:23,(anonymous_0)
FNF:1
FNH:1
FNDA:1,(anonymous_0)
DA:19,1
DA:23,1
DA:25,1
DA:28,1
DA:43,1
DA:65,1
DA:87,1
DA:102,1
DA:126,1
LF:9
LH:9
BRF:0
BRH:0
end_of_record
TN:
SF:src\docs\respuestas.docs.ts
FN:12,(anonymous_0)
FN:36,(anonymous_1)
FN:45,(anonymous_2)
FN:54,(anonymous_3)
FNF:4
FNH:4
FNDA:11,(anonymous_0)
FNDA:10,(anonymous_1)
FNDA:1,(anonymous_2)
FNDA:10,(anonymous_3)
DA:5,1
DA:12,1
DA:13,11
DA:20,1
DA:36,10
DA:45,1
DA:54,10
LF:7
LH:7
BRDA:54,0,0,10
BRF:1
BRH:1
end_of_record
TN:
SF:src\docs\swagger.docs.ts
FNF:0
FNH:0
DA:7,1
DA:11,1
DA:19,1
DA:20,1
DA:21,1
DA:25,1
DA:27,1
LF:7
LH:7
BRDA:37,0,0,0
BRDA:37,0,1,1
BRF:2
BRH:1
end_of_record
TN:
SF:src\middlewares\auditoria.middleware.ts
FN:9,(anonymous_0)
FN:17,(anonymous_1)
FNF:2
FNH:2
FNDA:14,(anonymous_0)
FNDA:14,(anonymous_1)
DA:9,1
DA:10,14
DA:17,14
LF:3
LH:3
BRDA:11,0,0,14
BRDA:11,0,1,0
BRDA:11,0,2,0
BRF:3
BRH:1
end_of_record
TN:
SF:src\middlewares\autenticacion.middleware.ts
FN:11,(anonymous_0)
FN:61,(anonymous_1)
FN:62,(anonymous_2)
FNF:3
FNH:1
FNDA:2,(anonymous_0)
FNDA:0,(anonymous_1)
FNDA:0,(anonymous_2)
DA:11,1
DA:16,2
DA:18,2
DA:19,2
DA:20,2
DA:23,0
DA:24,0
DA:25,0
DA:27,0
DA:40,0
DA:41,0
DA:42,0
DA:46,0
DA:49,0
DA:61,1
DA:62,0
DA:63,0
DA:65,0
DA:66,0
DA:67,0
DA:70,0
LF:21
LH:6
BRDA:18,0,0,2
BRDA:18,0,1,0
BRDA:41,1,0,0
BRDA:41,1,1,0
BRDA:65,2,0,0
BRDA:65,2,1,0
BRDA:65,3,0,0
BRDA:65,3,1,0
BRF:8
BRH:1
end_of_record
TN:
SF:src\middlewares\autorizacion.middleware.ts
FN:13,(anonymous_0)
FN:14,(anonymous_1)
FNF:2
FNH:1
FNDA:4,(anonymous_0)
FNDA:0,(anonymous_1)
DA:13,1
DA:14,4
DA:15,0
DA:18,0
DA:19,0
DA:20,0
DA:23,0
LF:7
LH:2
BRDA:18,0,0,0
BRDA:18,0,1,0
BRDA:18,1,0,0
BRDA:18,1,1,0
BRDA:18,1,2,0
BRF:5
BRH:0
end_of_record
TN:
SF:src\middlewares\error.middlewares.ts
FN:18,traducirErrorPrisma
FN:72,errorMiddleware
FN:93,(anonymous_2)
FNF:3
FNH:2
FNDA:0,traducirErrorPrisma
FNDA:12,errorMiddleware
FNDA:4,(anonymous_2)
DA:23,0
DA:25,0
DA:26,0
DA:33,0
DA:39,0
DA:45,0
DA:51,0
DA:79,12
DA:80,7
DA:81,7
DA:85,5
DA:86,0
DA:87,0
DA:88,0
DA:92,5
DA:93,4
DA:97,4
DA:104,4
DA:108,1
DA:109,0
DA:115,0
DA:116,0
DA:117,0
DA:121,1
DA:122,0
DA:123,0
DA:127,1
DA:128,1
DA:129,1
DA:133,0
DA:139,12
DA:145,12
LF:32
LH:15
BRDA:23,0,0,0
BRDA:23,0,1,0
BRDA:23,0,2,0
BRDA:23,0,3,0
BRDA:23,0,4,0
BRDA:25,1,0,0
BRDA:25,1,1,0
BRDA:79,2,0,7
BRDA:79,2,1,5
BRDA:85,3,0,0
BRDA:85,3,1,5
BRDA:92,4,0,4
BRDA:92,4,1,1
BRDA:94,5,0,4
BRDA:94,5,1,0
BRDA:108,6,0,0
BRDA:108,6,1,1
BRDA:115,7,0,0
BRDA:115,7,1,0
BRDA:121,8,0,0
BRDA:121,8,1,1
BRDA:127,9,0,1
BRDA:127,9,1,0
BRDA:134,10,0,0
BRDA:134,10,1,0
BRDA:135,11,0,0
BRDA:135,11,1,0
BRDA:139,12,0,0
BRDA:139,12,1,0
BRDA:141,13,0,0
BRDA:141,13,1,0
BRF:31
BRH:9
end_of_record
TN:
SF:src\middlewares\validar.middlewares.ts
FN:16,(anonymous_0)
FN:17,(anonymous_1)
FNF:2
FNH:2
FNDA:10,(anonymous_0)
FNDA:6,(anonymous_1)
DA:16,1
DA:17,10
DA:18,6
DA:24,6
DA:25,4
DA:26,4
DA:33,2
DA:38,2
DA:39,2
DA:40,2
DA:42,2
LF:11
LH:11
BRDA:24,0,0,4
BRDA:24,0,1,2
BRDA:38,1,0,2
BRDA:38,1,1,0
BRDA:39,2,0,0
BRDA:39,2,1,2
BRDA:40,3,0,0
BRDA:40,3,1,2
BRF:8
BRH:5
end_of_record
TN:
SF:src\routes\archivo.route.ts
FN:43,(anonymous_0)
FNF:1
FNH:0
FNDA:0,(anonymous_0)
DA:16,1
DA:43,1
DA:48,0
DA:49,0
DA:51,0
DA:53,0
DA:58,0
DA:61,0
DA:66,1
DA:87,1
DA:98,1
DA:108,1
LF:12
LH:6
BRDA:49,0,0,0
BRDA:49,0,1,0
BRDA:51,1,0,0
BRDA:51,1,1,0
BRF:4
BRH:0
end_of_record
TN:
SF:src\routes\auth.route.ts
FNF:0
FNH:0
DA:7,1
DA:12,1
DA:13,1
DA:17,1
DA:18,1
LF:5
LH:5
BRF:0
BRH:0
end_of_record
TN:
SF:src\routes\email.route.ts
FNF:0
FNH:0
DA:14,1
DA:16,1
DA:22,1
DA:28,1
LF:4
LH:4
BRF:0
BRH:0
end_of_record
TN:
SF:src\routes\excel.route.ts
FNF:0
FNH:0
DA:4,1
DA:7,1
LF:2
LH:2
BRF:0
BRH:0
end_of_record
TN:
SF:src\routes\index.ts
FNF:0
FNH:0
DA:22,1
DA:25,1
DA:28,1
DA:29,1
DA:32,1
DA:35,1
LF:6
LH:6
BRF:0
BRH:0
end_of_record
TN:
SF:src\routes\pdf.route.ts
FNF:0
FNH:0
DA:4,1
DA:7,1
LF:2
LH:2
BRF:0
BRH:0
end_of_record
TN:
SF:src\routes\platillo.route.ts
FNF:0
FNH:0
DA:14,1
DA:17,1
DA:18,1
DA:22,1
DA:30,1
DA:38,1
DA:46,1
LF:7
LH:7
BRF:0
BRH:0
end_of_record
TN:
SF:src\schemas\auth.schema.ts
FNF:0
FNH:0
DA:3,1
LF:1
LH:1
BRF:0
BRH:0
end_of_record
TN:
SF:src\schemas\email.schema.ts
FNF:0
FNH:0
DA:5,1
DA:15,1
DA:23,1
LF:3
LH:3
BRF:0
BRH:0
end_of_record
TN:
SF:src\schemas\entorno.schema.ts
FN:29,(anonymous_0)
FN:32,(anonymous_1)
FNF:2
FNH:2
FNDA:2,(anonymous_0)
FNDA:2,(anonymous_1)
DA:10,2
DA:30,2
DA:32,2
LF:3
LH:3
BRF:0
BRH:0
end_of_record
TN:
SF:src\schemas\platillo.schema.ts
FN:62,(anonymous_0)
FN:62,(anonymous_1)
FN:81,(anonymous_2)
FNF:3
FNH:0
FNDA:0,(anonymous_0)
FNDA:0,(anonymous_1)
FNDA:0,(anonymous_2)
DA:10,1
DA:23,1
DA:44,1
DA:48,1
DA:62,0
DA:67,1
DA:73,1
DA:81,0
DA:93,1
LF:9
LH:7
BRF:0
BRH:0
end_of_record
TN:
SF:src\services\archivo.service.ts
FN:21,(anonymous_0)
FN:56,(anonymous_1)
FN:62,(anonymous_2)
FN:112,(anonymous_3)
FN:123,(anonymous_4)
FN:129,(anonymous_5)
FN:130,(anonymous_6)
FNF:7
FNH:0
FNDA:0,(anonymous_0)
FNDA:0,(anonymous_1)
FNDA:0,(anonymous_2)
FNDA:0,(anonymous_3)
FNDA:0,(anonymous_4)
FNDA:0,(anonymous_5)
FNDA:0,(anonymous_6)
DA:27,0
DA:31,0
DA:32,0
DA:33,0
DA:39,0
DA:40,0
DA:41,0
DA:49,0
DA:50,0
DA:52,0
DA:54,0
DA:55,0
DA:56,0
DA:60,0
DA:62,0
DA:65,0
DA:66,0
DA:67,0
DA:73,0
DA:74,0
DA:76,0
DA:77,0
DA:80,0
DA:85,0
DA:86,0
DA:101,0
DA:118,0
DA:119,0
DA:120,0
DA:124,0
DA:125,0
DA:127,0
DA:129,0
DA:130,0
DA:132,0
DA:134,0
LF:36
LH:0
BRDA:31,0,0,0
BRDA:31,0,1,0
BRDA:31,1,0,0
BRDA:31,1,1,0
BRDA:39,2,0,0
BRDA:39,2,1,0
BRDA:55,3,0,0
BRDA:55,3,1,0
BRDA:65,4,0,0
BRDA:65,4,1,0
BRDA:85,5,0,0
BRDA:85,5,1,0
BRDA:116,6,0,0
BRDA:132,7,0,0
BRDA:132,7,1,0
BRF:15
BRH:0
end_of_record
TN:
SF:src\services\auth.service.ts
FN:25,(anonymous_0)
FN:82,(anonymous_1)
FN:161,(anonymous_2)
FN:176,(anonymous_3)
FN:193,(anonymous_4)
FN:200,(anonymous_5)
FN:210,(anonymous_6)
FN:219,(anonymous_7)
FN:235,(anonymous_8)
FNF:9
FNH:2
FNDA:2,(anonymous_0)
FNDA:3,(anonymous_1)
FNDA:0,(anonymous_2)
FNDA:0,(anonymous_3)
FNDA:0,(anonymous_4)
FNDA:0,(anonymous_5)
FNDA:0,(anonymous_6)
FNDA:0,(anonymous_7)
FNDA:0,(anonymous_8)
DA:18,1
DA:32,2
DA:39,2
DA:40,2
DA:43,0
DA:44,0
DA:45,0
DA:48,0
DA:57,0
DA:58,0
DA:59,0
DA:62,0
DA:63,0
DA:65,0
DA:85,3
DA:88,3
DA:89,3
DA:93,2
DA:95,1
DA:98,1
DA:101,1
DA:105,1
DA:111,0
DA:116,0
DA:117,0
DA:121,0
DA:130,0
DA:131,0
DA:132,0
DA:135,0
DA:138,0
DA:139,0
DA:143,0
DA:152,0
DA:162,0
DA:163,0
DA:177,0
DA:182,0
DA:183,0
DA:186,0
DA:188,0
DA:194,0
DA:201,0
DA:210,0
DA:220,0
DA:221,0
DA:223,0
DA:231,0
DA:238,0
LF:49
LH:12
BRDA:39,0,0,2
BRDA:39,0,1,0
BRDA:39,1,0,2
BRDA:39,1,1,1
BRDA:44,2,0,0
BRDA:44,2,1,0
BRDA:58,3,0,0
BRDA:58,3,1,0
BRDA:93,4,0,1
BRDA:93,4,1,1
BRDA:98,5,0,1
BRDA:98,5,1,0
BRDA:116,6,0,0
BRDA:116,6,1,0
BRDA:116,7,0,0
BRDA:116,7,1,0
BRDA:131,8,0,0
BRDA:131,8,1,0
BRDA:148,9,0,0
BRDA:148,9,1,0
BRDA:182,10,0,0
BRDA:182,10,1,0
BRDA:182,11,0,0
BRDA:182,11,1,0
BRDA:245,12,0,0
BRDA:245,12,1,0
BRF:26
BRH:6
end_of_record
TN:
SF:src\services\email.service.ts
FN:14,(anonymous_0)
FN:15,(anonymous_1)
FN:24,(anonymous_2)
FN:40,(anonymous_3)
FN:69,(anonymous_4)
FN:76,(anonymous_5)
FN:83,(anonymous_6)
FN:96,(anonymous_7)
FN:105,(anonymous_8)
FNF:9
FNH:0
FNDA:0,(anonymous_0)
FNDA:0,(anonymous_1)
FNDA:0,(anonymous_2)
FNDA:0,(anonymous_3)
FNDA:0,(anonymous_4)
FNDA:0,(anonymous_5)
FNDA:0,(anonymous_6)
FNDA:0,(anonymous_7)
FNDA:0,(anonymous_8)
DA:15,0
DA:16,0
DA:17,0
DA:25,0
DA:29,0
DA:30,0
DA:31,0
DA:34,0
DA:45,0
DA:46,0
DA:48,0
DA:49,0
DA:51,0
DA:57,0
DA:58,0
DA:61,0
DA:70,0
DA:77,0
DA:87,0
DA:97,0
DA:98,0
DA:99,0
DA:106,0
LF:23
LH:0
BRDA:17,0,0,0
BRDA:17,0,1,0
BRDA:29,1,0,0
BRDA:29,1,1,0
BRDA:46,2,0,0
BRDA:46,2,1,0
BRDA:57,3,0,0
BRDA:57,3,1,0
BRDA:97,4,0,0
BRDA:97,4,1,0
BRDA:97,4,2,0
BRF:11
BRH:0
end_of_record
TN:
SF:src\services\excel.service.ts
FN:12,(anonymous_0)
FN:46,(anonymous_1)
FNF:2
FNH:0
FNDA:0,(anonymous_0)
FNDA:0,(anonymous_1)
DA:13,0
DA:19,0
DA:20,0
DA:27,0
DA:29,0
DA:46,0
DA:57,0
DA:71,0
LF:8
LH:0
BRDA:48,0,0,0
BRDA:48,0,1,0
BRDA:49,1,0,0
BRDA:49,1,1,0
BRDA:51,2,0,0
BRDA:51,2,1,0
BRF:6
BRH:0
end_of_record
TN:
SF:src\services\pdf.service.ts
FN:19,(anonymous_0)
FN:49,(anonymous_1)
FNF:2
FNH:0
FNDA:0,(anonymous_0)
FNDA:0,(anonymous_1)
DA:20,0
DA:26,0
DA:33,0
DA:34,0
DA:36,0
DA:38,0
DA:39,0
DA:41,0
DA:49,0
DA:57,0
DA:58,0
LF:11
LH:0
BRDA:51,0,0,0
BRDA:51,0,1,0
BRDA:52,1,0,0
BRDA:52,1,1,0
BRF:4
BRH:0
end_of_record
TN:
SF:src\services\platillo.service.ts
FN:25,(anonymous_0)
FN:50,(anonymous_1)
FN:60,(anonymous_2)
FN:81,(anonymous_3)
FN:95,(anonymous_4)
FN:120,(anonymous_5)
FN:123,(anonymous_6)
FNF:7
FNH:0
FNDA:0,(anonymous_0)
FNDA:0,(anonymous_1)
FNDA:0,(anonymous_2)
FNDA:0,(anonymous_3)
FNDA:0,(anonymous_4)
FNDA:0,(anonymous_5)
FNDA:0,(anonymous_6)
DA:26,0
DA:33,0
DA:35,0
DA:36,0
DA:41,0
DA:42,0
DA:43,0
DA:45,0
DA:51,0
DA:62,0
DA:69,0
DA:83,0
DA:88,0
DA:96,0
DA:102,0
DA:121,0
DA:123,0
LF:17
LH:0
BRDA:27,0,0,0
BRDA:27,0,1,0
BRDA:28,1,0,0
BRDA:28,1,1,0
BRDA:29,2,0,0
BRDA:29,2,1,0
BRDA:30,3,0,0
BRDA:30,3,1,0
BRDA:35,4,0,0
BRDA:35,4,1,0
BRDA:41,5,0,0
BRDA:41,5,1,0
BRDA:43,6,0,0
BRDA:43,6,1,0
BRF:14
BRH:0
end_of_record
TN:
SF:src\utils\archivo.utils.ts
FN:91,crearSubidor
FN:105,(anonymous_1)
FN:106,(anonymous_2)
FN:113,(anonymous_3)
FN:164,descargarArchivo
FN:194,(anonymous_5)
FN:217,calcularHashArchivo
FN:218,(anonymous_7)
FN:222,(anonymous_8)
FN:223,(anonymous_9)
FN:244,deduplicarArchivo
FN:254,(anonymous_11)
FN:255,(anonymous_12)
FN:280,eliminarArchivo
FN:297,rutaEnUploads
FNF:15
FNH:1
FNDA:3,crearSubidor
FNDA:0,(anonymous_1)
FNDA:0,(anonymous_2)
FNDA:0,(anonymous_3)
FNDA:0,descargarArchivo
FNDA:0,(anonymous_5)
FNDA:0,calcularHashArchivo
FNDA:0,(anonymous_7)
FNDA:0,(anonymous_8)
FNDA:0,(anonymous_9)
FNDA:0,deduplicarArchivo
FNDA:0,(anonymous_11)
FNDA:0,(anonymous_12)
FNDA:0,eliminarArchivo
FNDA:0,rutaEnUploads
DA:10,1
DA:23,1
DA:33,1
DA:97,3
DA:99,3
DA:102,3
DA:104,3
DA:105,0
DA:107,0
DA:108,0
DA:109,0
DA:113,3
DA:114,0
DA:115,0
DA:118,0
DA:127,3
DA:172,0
DA:173,0
DA:175,0
DA:178,0
DA:179,0
DA:180,0
DA:181,0
DA:183,0
DA:184,0
DA:185,0
DA:190,0
DA:194,0
DA:195,0
DA:196,0
DA:199,0
DA:218,0
DA:219,0
DA:220,0
DA:221,0
DA:222,0
DA:223,0
DA:248,0
DA:249,0
DA:250,0
DA:252,0
DA:254,0
DA:255,0
DA:257,0
DA:259,0
DA:260,0
DA:264,0
DA:265,0
DA:281,0
DA:282,0
DA:285,0
DA:298,0
LF:52
LH:9
BRDA:91,0,0,3
BRDA:93,1,0,3
BRDA:94,2,0,3
BRDA:95,3,0,3
BRDA:96,4,0,3
BRDA:114,5,0,0
BRDA:114,5,1,0
BRDA:168,6,0,0
BRDA:180,7,0,0
BRDA:180,7,1,0
BRDA:181,8,0,0
BRDA:181,8,1,0
BRDA:187,9,0,0
BRDA:187,9,1,0
BRDA:195,10,0,0
BRDA:195,10,1,0
BRDA:257,11,0,0
BRDA:257,11,1,0
BRDA:285,12,0,0
BRDA:285,12,1,0
BRF:20
BRH:5
end_of_record
TN:
SF:src\utils\auth.utils.ts
FN:17,(anonymous_0)
FNF:1
FNH:0
FNDA:0,(anonymous_0)
DA:11,1
DA:17,1
DA:18,0
LF:3
LH:2
BRF:0
BRH:0
end_of_record
TN:
SF:src\utils\batch.utils.ts
FN:47,procesarEnLotes
FN:69,(anonymous_1)
FN:106,insertarEnLotes
FN:116,(anonymous_3)
FN:122,(anonymous_4)
FN:141,dividirEnLotes
FNF:6
FNH:0
FNDA:0,procesarEnLotes
FNDA:0,(anonymous_1)
FNDA:0,insertarEnLotes
FNDA:0,(anonymous_3)
FNDA:0,(anonymous_4)
FNDA:0,dividirEnLotes
DA:52,0
DA:54,0
DA:55,0
DA:56,0
DA:60,0
DA:61,0
DA:63,0
DA:64,0
DA:65,0
DA:66,0
DA:69,0
DA:70,0
DA:77,0
DA:81,0
DA:113,0
DA:115,0
DA:117,0
DA:122,0
DA:124,0
DA:142,0
DA:143,0
DA:144,0
DA:146,0
LF:23
LH:0
BRDA:50,0,0,0
BRDA:52,1,0,0
BRDA:52,2,0,0
BRDA:72,3,0,0
BRDA:72,3,1,0
BRDA:77,4,0,0
BRDA:77,4,1,0
BRDA:111,5,0,0
BRDA:113,6,0,0
BRF:9
BRH:0
end_of_record
TN:
SF:src\utils\email.utils.ts
FN:26,sendEmail
FNF:1
FNH:0
FNDA:0,sendEmail
DA:6,1
DA:27,0
DA:28,0
DA:29,0
DA:38,0
DA:39,0
DA:41,0
DA:42,0
DA:43,0
LF:9
LH:1
BRDA:10,0,0,1
BRDA:10,0,1,0
BRDA:28,1,0,0
BRDA:28,1,1,0
BRDA:30,2,0,0
BRDA:30,2,1,0
BRF:6
BRH:1
end_of_record
TN:
SF:src\utils\errores.utils.ts
FN:27,(anonymous_0)
FN:44,(anonymous_1)
FN:51,(anonymous_2)
FN:58,(anonymous_3)
FN:65,(anonymous_4)
FN:72,(anonymous_5)
FN:79,(anonymous_6)
FN:90,(anonymous_7)
FNF:8
FNH:2
FNDA:7,(anonymous_0)
FNDA:0,(anonymous_1)
FNDA:0,(anonymous_2)
FNDA:0,(anonymous_3)
FNDA:7,(anonymous_4)
FNDA:0,(anonymous_5)
FNDA:0,(anonymous_6)
FNDA:0,(anonymous_7)
DA:28,7
DA:29,7
DA:30,7
DA:31,7
DA:33,7
DA:34,7
DA:36,7
DA:45,0
DA:52,0
DA:59,0
DA:66,7
DA:73,0
DA:80,0
DA:91,0
LF:14
LH:8
BRDA:44,0,0,0
BRDA:65,1,0,7
BRDA:72,2,0,0
BRF:3
BRH:1
end_of_record
TN:
SF:src\utils\excel.utils.ts
FN:51,crearLibro
FN:76,enviarExcel
FN:114,agregarHoja
FN:165,(anonymous_3)
FN:188,(anonymous_4)
FN:193,(anonymous_5)
FN:218,(anonymous_6)
FN:236,agregarPie
FN:256,(anonymous_8)
FN:277,calcularAncho
FN:279,(anonymous_10)
FNF:11
FNH:0
FNDA:0,crearLibro
FNDA:0,enviarExcel
FNDA:0,agregarHoja
FNDA:0,(anonymous_3)
FNDA:0,(anonymous_4)
FNDA:0,(anonymous_5)
FNDA:0,(anonymous_6)
FNDA:0,agregarPie
FNDA:0,(anonymous_8)
FNDA:0,calcularAncho
FNDA:0,(anonymous_10)
DA:52,0
DA:53,0
DA:54,0
DA:55,0
DA:56,0
DA:57,0
DA:82,0
DA:86,0
DA:90,0
DA:128,0
DA:130,0
DA:135,0
DA:138,0
DA:139,0
DA:140,0
DA:141,0
DA:142,0
DA:143,0
DA:144,0
DA:145,0
DA:149,0
DA:150,0
DA:151,0
DA:152,0
DA:153,0
DA:154,0
DA:155,0
DA:156,0
DA:159,0
DA:162,0
DA:163,0
DA:165,0
DA:166,0
DA:167,0
DA:168,0
DA:169,0
DA:170,0
DA:171,0
DA:175,0
DA:176,0
DA:183,0
DA:184,0
DA:188,0
DA:189,0
DA:190,0
DA:191,0
DA:193,0
DA:194,0
DA:197,0
DA:199,0
DA:200,0
DA:202,0
DA:203,0
DA:210,0
DA:213,0
DA:218,0
DA:223,0
DA:248,0
DA:249,0
DA:252,0
DA:253,0
DA:256,0
DA:257,0
DA:258,0
DA:259,0
DA:265,0
DA:278,0
DA:279,0
DA:280,0
DA:281,0
DA:285,0
LF:71
LH:0
BRDA:80,0,0,0
BRDA:88,1,0,0
BRDA:88,1,1,0
BRDA:119,2,0,0
BRDA:124,3,0,0
BRDA:125,4,0,0
BRDA:126,5,0,0
BRDA:127,6,0,0
BRDA:138,7,0,0
BRDA:138,7,1,0
BRDA:149,8,0,0
BRDA:149,8,1,0
BRDA:170,9,0,0
BRDA:170,9,1,0
BRDA:175,10,0,0
BRDA:175,10,1,0
BRDA:183,11,0,0
BRDA:183,11,1,0
BRDA:197,12,0,0
BRDA:197,12,1,0
BRDA:199,13,0,0
BRDA:199,13,1,0
BRDA:200,14,0,0
BRDA:200,14,1,0
BRDA:202,15,0,0
BRDA:202,15,1,0
BRDA:220,16,0,0
BRDA:220,16,1,0
BRDA:248,17,0,0
BRDA:248,17,1,0
BRDA:260,18,0,0
BRDA:260,18,1,0
BRDA:261,19,0,0
BRDA:261,19,1,0
BRDA:265,20,0,0
BRDA:265,20,1,0
BRDA:280,21,0,0
BRDA:280,21,1,0
BRF:38
BRH:0
end_of_record
TN:
SF:src\utils\jwt.utils.ts
FN:10,generarAccessToken
FN:20,generarRefreshToken
FN:31,verificarAccessToken
FN:39,verificarRefreshToken
FN:48,hashToken
FNF:5
FNH:5
FNDA:5,generarAccessToken
FNDA:2,generarRefreshToken
FNDA:7,verificarAccessToken
FNDA:5,verificarRefreshToken
FNDA:2,hashToken
DA:11,5
DA:21,2
DA:32,7
DA:40,5
DA:49,2
LF:5
LH:5
BRF:0
BRH:0
end_of_record
TN:
SF:src\utils\logger.utils.ts
FN:36,(anonymous_0)
FN:111,(anonymous_1)
FNF:2
FNH:2
FNDA:14,(anonymous_0)
FNDA:14,(anonymous_1)
DA:6,1
DA:9,1
DA:19,1
DA:22,1
DA:23,0
DA:32,1
DA:37,14
DA:38,14
DA:49,1
DA:53,1
DA:67,1
DA:82,1
DA:95,1
DA:110,1
DA:111,14
LF:15
LH:14
BRDA:22,0,0,0
BRDA:22,0,1,1
BRDA:37,1,0,0
BRDA:37,1,1,14
BRDA:38,2,0,0
BRDA:38,2,1,14
BRDA:57,3,0,0
BRDA:57,3,1,1
BRDA:97,4,0,0
BRDA:97,4,1,1
BRF:10
BRH:5
end_of_record
TN:
SF:src\utils\paginacion.utils.ts
FN:36,parsearPaginacion
FN:64,paginar
FNF:2
FNH:0
FNDA:0,parsearPaginacion
FNDA:0,paginar
DA:42,0
DA:43,0
DA:46,0
DA:47,0
DA:51,0
DA:53,0
DA:71,0
DA:73,0
DA:84,0
LF:9
LH:0
BRDA:38,0,0,0
BRDA:42,1,0,0
BRDA:42,1,1,0
BRDA:43,2,0,0
BRDA:43,2,1,0
BRDA:46,3,0,0
BRDA:46,3,1,0
BRDA:47,4,0,0
BRDA:47,4,1,0
BRDA:49,5,0,0
BRDA:49,5,1,0
BRDA:51,6,0,0
BRDA:51,6,1,0
BRDA:77,7,0,0
BRDA:77,7,1,0
BRDA:87,8,0,0
BRDA:87,8,1,0
BRF:17
BRH:0
end_of_record
TN:
SF:src\utils\pdf.utils.ts
FN:40,crearDocumento
FN:61,enviarPDF
FN:75,escribirEncabezado
FN:99,escribirCampo
FN:123,escribirTabla
FN:142,(anonymous_5)
FN:150,(anonymous_6)
FN:165,(anonymous_7)
FN:167,(anonymous_8)
FN:200,(anonymous_9)
FN:230,escribirNumeroDePaginas
FN:262,calcularAnchos
FN:263,(anonymous_12)
FN:264,(anonymous_13)
FN:266,(anonymous_14)
FN:273,calcularAlturaFila
FN:280,(anonymous_16)
FNF:17
FNH:0
FNDA:0,crearDocumento
FNDA:0,enviarPDF
FNDA:0,escribirEncabezado
FNDA:0,escribirCampo
FNDA:0,escribirTabla
FNDA:0,(anonymous_5)
FNDA:0,(anonymous_6)
FNDA:0,(anonymous_7)
FNDA:0,(anonymous_8)
FNDA:0,(anonymous_9)
FNDA:0,escribirNumeroDePaginas
FNDA:0,calcularAnchos
FNDA:0,(anonymous_12)
FNDA:0,(anonymous_13)
FNDA:0,(anonymous_14)
FNDA:0,calcularAlturaFila
FNDA:0,(anonymous_16)
DA:41,0
DA:62,0
DA:63,0
DA:67,0
DA:76,0
DA:78,0
DA:79,0
DA:82,0
DA:105,0
DA:110,0
DA:135,0
DA:137,0
DA:138,0
DA:139,0
DA:142,0
DA:143,0
DA:144,0
DA:146,0
DA:147,0
DA:149,0
DA:150,0
DA:151,0
DA:156,0
DA:159,0
DA:162,0
DA:165,0
DA:167,0
DA:168,0
DA:169,0
DA:173,0
DA:174,0
DA:177,0
DA:178,0
DA:179,0
DA:182,0
DA:185,0
DA:186,0
DA:190,0
DA:198,0
DA:199,0
DA:200,0
DA:201,0
DA:208,0
DA:212,0
DA:216,0
DA:217,0
DA:218,0
DA:220,0
DA:231,0
DA:232,0
DA:234,0
DA:235,0
DA:237,0
DA:238,0
DA:240,0
DA:242,0
DA:263,0
DA:264,0
DA:265,0
DA:266,0
DA:280,0
DA:281,0
DA:283,0
DA:284,0
DA:285,0
DA:288,0
LF:66
LH:0
BRDA:43,0,0,0
BRDA:43,0,1,0
BRDA:47,1,0,0
BRDA:47,1,1,0
BRDA:61,2,0,0
BRDA:65,3,0,0
BRDA:65,3,1,0
BRDA:78,4,0,0
BRDA:78,4,1,0
BRDA:103,5,0,0
BRDA:111,6,0,0
BRDA:111,6,1,0
BRDA:112,7,0,0
BRDA:112,7,1,0
BRDA:127,8,0,0
BRDA:130,9,0,0
BRDA:131,10,0,0
BRDA:132,11,0,0
BRDA:133,12,0,0
BRDA:134,13,0,0
BRDA:153,14,0,0
BRDA:153,14,1,0
BRDA:169,15,0,0
BRDA:169,15,1,0
BRDA:169,16,0,0
BRDA:169,16,1,0
BRDA:177,17,0,0
BRDA:177,17,1,0
BRDA:185,18,0,0
BRDA:185,18,1,0
BRDA:204,19,0,0
BRDA:204,19,1,0
BRDA:217,20,0,0
BRDA:217,20,1,0
BRDA:263,21,0,0
BRDA:263,21,1,0
BRDA:265,22,0,0
BRDA:265,22,1,0
BRDA:266,23,0,0
BRDA:266,23,1,0
BRF:40
BRH:0
end_of_record
TN:
SF:src\utils\prisma.utils.ts
FN:9,buscarOError
FN:16,verificarNoExiste
FN:24,verificarRegla
FNF:3
FNH:0
FNDA:0,buscarOError
FNDA:0,verificarNoExiste
FNDA:0,verificarRegla
DA:10,0
DA:11,0
DA:12,0
DA:20,0
DA:28,0
LF:5
LH:0
BRDA:9,0,0,0
BRDA:11,1,0,0
BRDA:11,1,1,0
BRDA:18,2,0,0
BRDA:20,3,0,0
BRDA:20,3,1,0
BRDA:28,4,0,0
BRDA:28,4,1,0
BRF:8
BRH:0
end_of_record
TN:
SF:src\utils\respuestas.utils.ts
FN:40,(anonymous_0)
FN:46,(anonymous_1)
FN:52,(anonymous_2)
FN:58,(anonymous_3)
FN:63,(anonymous_4)
FNF:5
FNH:1
FNDA:0,(anonymous_0)
FNDA:0,(anonymous_1)
FNDA:0,(anonymous_2)
FNDA:0,(anonymous_3)
FNDA:12,(anonymous_4)
DA:38,1
DA:41,0
DA:42,0
DA:47,0
DA:48,0
DA:53,0
DA:54,0
DA:59,0
DA:70,12
DA:76,12
LF:10
LH:3
BRDA:40,0,0,0
BRDA:46,1,0,0
BRDA:52,2,0,0
BRDA:74,3,0,12
BRDA:74,3,1,4
BRF:5
BRH:2
end_of_record
